TN:
SF:src\App.js
FN:15,App
FNF:1
FNH:0
FNDA:0,App
DA:16,0
LF:1
LH:0
BRF:0
BRH:0
end_of_record
TN:
SF:src\global.js
FNF:0
FNH:0
DA:1,7
LF:1
LH:1
BRF:0
BRH:0
end_of_record
TN:
SF:src\index.js
FNF:0
FNH:0
DA:8,0
DA:9,0
DA:20,0
LF:3
LH:0
BRF:0
BRH:0
end_of_record
TN:
SF:src\reportWebVitals.js
FN:1,(anonymous_0)
FN:4,(anonymous_1)
FNF:2
FNH:0
FNDA:0,(anonymous_0)
FNDA:0,(anonymous_1)
DA:1,0
DA:2,0
DA:3,0
DA:5,0
DA:6,0
DA:7,0
DA:8,0
DA:9,0
LF:8
LH:0
BRDA:2,0,0,0
BRDA:2,0,1,0
BRDA:2,1,0,0
BRDA:2,1,1,0
BRF:4
BRH:0
end_of_record
TN:
SF:src\components\About.js
FN:20,(anonymous_0)
FNF:1
FNH:1
FNDA:5,(anonymous_0)
DA:20,1
DA:21,5
LF:2
LH:2
BRF:0
BRH:0
end_of_record
TN:
SF:src\components\AddBid.js
FN:12,(anonymous_0)
FN:14,(anonymous_1)
FN:17,(anonymous_2)
FN:55,(anonymous_3)
FNF:4
FNH:4
FNDA:8,(anonymous_0)
FNDA:3,(anonymous_1)
FNDA:2,(anonymous_2)
FNDA:3,(anonymous_3)
DA:12,2
DA:13,8
DA:14,8
DA:15,3
DA:17,8
DA:18,2
DA:19,2
DA:21,2
DA:22,2
DA:23,2
DA:24,2
DA:26,0
DA:31,0
DA:32,0
DA:33,0
DA:37,0
DA:38,0
DA:41,8
DA:55,3
DA:63,2
LF:20
LH:14
BRDA:22,0,0,2
BRDA:22,0,1,0
BRDA:23,1,0,2
BRDA:23,1,1,0
BRF:4
BRH:2
end_of_record
TN:
SF:src\components\Countdown.js
FN:3,(anonymous_0)
FN:8,(anonymous_1)
FN:9,(anonymous_2)
FN:13,(anonymous_3)
FN:24,(anonymous_4)
FN:30,(anonymous_5)
FNF:6
FNH:5
FNDA:6,(anonymous_0)
FNDA:6,(anonymous_1)
FNDA:0,(anonymous_2)
FNDA:6,(anonymous_3)
FNDA:6,(anonymous_4)
FNDA:6,(anonymous_5)
DA:3,1
DA:4,6
DA:8,6
DA:9,6
DA:10,0
DA:13,6
DA:16,6
DA:24,1
DA:25,6
DA:26,6
DA:27,6
DA:30,1
DA:31,6
DA:32,6
DA:33,6
DA:34,6
DA:35,6
LF:17
LH:16
BRDA:27,0,0,0
BRDA:27,0,1,6
BRF:2
BRH:1
end_of_record
TN:
SF:src\components\Footer.js
FN:7,(anonymous_0)
FNF:1
FNH:1
FNDA:17,(anonymous_0)
DA:7,4
DA:8,17
LF:2
LH:2
BRF:0
BRH:0
end_of_record
TN:
SF:src\components\Navv.js
FN:23,Navv
FN:26,(anonymous_1)
FN:27,(anonymous_2)
FN:57,(anonymous_3)
FNF:4
FNH:1
FNDA:47,Navv
FNDA:0,(anonymous_1)
FNDA:0,(anonymous_2)
FNDA:0,(anonymous_3)
DA:24,47
DA:26,47
DA:27,47
DA:28,0
DA:29,0
DA:30,0
DA:33,47
DA:58,0
LF:8
LH:4
BRDA:72,0,0,8
BRDA:72,0,1,39
BRF:2
BRH:2
end_of_record
TN:
SF:src\components\ProductCard.js
FN:21,(anonymous_0)
FN:25,(anonymous_1)
FN:36,(anonymous_2)
FNF:3
FNH:3
FNDA:2,(anonymous_0)
FNDA:2,(anonymous_1)
FNDA:2,(anonymous_2)
DA:21,2
DA:22,2
DA:23,2
DA:25,2
DA:26,2
DA:27,2
DA:30,2
DA:31,2
DA:33,2
DA:36,2
DA:37,2
DA:40,2
DA:69,2
LF:13
LH:13
BRDA:57,0,0,0
BRDA:57,0,1,2
BRF:2
BRH:1
end_of_record
TN:
SF:src\components\ProductDetails.js
FN:15,calcDate
FN:18,(anonymous_1)
FN:24,(anonymous_2)
FN:36,(anonymous_3)
FN:110,(anonymous_4)
FN:127,(anonymous_5)
FNF:6
FNH:6
FNDA:6,calcDate
FNDA:15,(anonymous_1)
FNDA:6,(anonymous_2)
FNDA:6,(anonymous_3)
FNDA:10,(anonymous_4)
FNDA:1,(anonymous_5)
DA:16,6
DA:18,1
DA:19,15
DA:20,14
DA:21,14
DA:22,14
DA:23,14
DA:24,14
DA:25,6
DA:26,6
DA:29,5
DA:30,5
DA:31,5
DA:33,1
DA:36,14
DA:37,6
DA:38,6
DA:39,6
DA:40,2
DA:44,14
DA:111,10
DA:128,1
LF:22
LH:22
BRDA:38,0,0,6
BRDA:38,0,1,0
BRDA:39,1,0,2
BRDA:39,1,1,4
BRDA:68,2,0,14
BRDA:68,2,1,6
BRDA:107,3,0,5
BRDA:107,3,1,1
BRDA:123,4,0,6
BRDA:123,4,1,3
BRDA:131,5,0,1
BRDA:131,5,1,2
BRDA:138,6,0,3
BRDA:138,6,1,1
BRF:14
BRH:13
end_of_record
TN:
SF:src\components\ProductView.js
FNF:0
FNH:0
LF:0
LH:0
BRF:0
BRH:0
end_of_record
TN:
SF:src\components\Products.js
FN:14,(anonymous_0)
FN:17,(anonymous_1)
FN:27,(anonymous_2)
FN:46,(anonymous_3)
FNF:4
FNH:4
FNDA:5,(anonymous_0)
FNDA:3,(anonymous_1)
FNDA:3,(anonymous_2)
FNDA:2,(anonymous_3)
DA:14,1
DA:15,5
DA:17,4
DA:18,3
DA:19,3
DA:20,2
DA:21,2
DA:23,1
DA:24,1
DA:27,4
DA:28,3
DA:31,4
DA:47,2
LF:13
LH:13
BRDA:45,0,0,1
BRDA:45,0,1,3
BRDA:45,1,0,4
BRDA:45,1,1,4
BRF:4
BRH:4
end_of_record
TN:
SF:src\components\Profile.js
FN:10,(anonymous_0)
FN:13,(anonymous_1)
FN:14,(anonymous_2)
FN:131,(anonymous_3)
FN:155,(anonymous_4)
FNF:5
FNH:0
FNDA:0,(anonymous_0)
FNDA:0,(anonymous_1)
FNDA:0,(anonymous_2)
FNDA:0,(anonymous_3)
FNDA:0,(anonymous_4)
DA:10,0
DA:11,0
DA:13,0
DA:14,0
DA:15,0
DA:16,0
DA:17,0
DA:18,0
DA:20,0
DA:23,0
DA:25,0
DA:132,0
DA:156,0
LF:13
LH:0
BRDA:40,0,0,0
BRDA:40,0,1,0
BRDA:130,1,0,0
BRDA:130,1,1,0
BRDA:130,2,0,0
BRDA:130,2,1,0
BRDA:154,3,0,0
BRDA:154,3,1,0
BRDA:154,4,0,0
BRDA:154,4,1,0
BRF:10
BRH:0
end_of_record
TN:
SF:src\components\Sell.js
FN:11,(anonymous_0)
FN:12,(anonymous_1)
FN:14,(anonymous_2)
FN:17,(anonymous_3)
FN:28,(anonymous_4)
FN:31,(anonymous_5)
FN:35,(anonymous_6)
FN:76,(anonymous_7)
FN:117,(anonymous_8)
FN:128,(anonymous_9)
FN:139,(anonymous_10)
FN:150,(anonymous_11)
FN:161,(anonymous_12)
FN:169,(anonymous_13)
FNF:14
FNH:1
FNDA:0,(anonymous_0)
FNDA:0,(anonymous_1)
FNDA:0,(anonymous_2)
FNDA:0,(anonymous_3)
FNDA:2,(anonymous_4)
FNDA:0,(anonymous_5)
FNDA:0,(anonymous_6)
FNDA:0,(anonymous_7)
FNDA:0,(anonymous_8)
FNDA:0,(anonymous_9)
FNDA:0,(anonymous_10)
FNDA:0,(anonymous_11)
FNDA:0,(anonymous_12)
FNDA:0,(anonymous_13)
DA:11,1
DA:12,0
DA:13,0
DA:14,0
DA:15,0
DA:17,0
DA:18,0
DA:21,0
DA:28,1
DA:29,2
DA:30,1
DA:31,1
DA:32,0
DA:35,1
DA:36,0
DA:37,0
DA:38,0
DA:40,0
DA:41,0
DA:43,0
DA:44,0
DA:45,0
DA:46,0
DA:47,0
DA:56,0
DA:57,0
DA:59,0
DA:60,0
DA:67,1
DA:76,1
DA:77,0
DA:78,0
DA:79,0
DA:80,0
DA:81,0
DA:82,0
DA:86,1
DA:117,0
DA:128,0
DA:139,0
DA:150,0
DA:161,0
DA:169,0
LF:43
LH:9
BRDA:37,0,0,0
BRDA:37,0,1,0
BRF:2
BRH:0
end_of_record
TN:
SF:src\components\LoginSignup\Login.js
FN:24,(anonymous_0)
FN:25,(anonymous_1)
FN:29,(anonymous_2)
FN:87,(anonymous_3)
FN:98,(anonymous_4)
FNF:5
FNH:1
FNDA:5,(anonymous_0)
FNDA:0,(anonymous_1)
FNDA:0,(anonymous_2)
FNDA:0,(anonymous_3)
FNDA:0,(anonymous_4)
DA:24,1
DA:25,5
DA:26,0
DA:28,5
DA:29,4
DA:30,0
DA:31,0
DA:33,0
DA:34,0
DA:35,0
DA:37,0
DA:39,0
DA:40,0
DA:41,0
DA:42,0
DA:44,0
DA:47,0
DA:48,0
DA:51,4
DA:55,4
DA:87,0
DA:98,0
LF:22
LH:6
BRDA:37,0,0,0
BRDA:37,0,1,0
BRF:2
BRH:0
end_of_record
TN:
SF:src\components\LoginSignup\Signup.js
FN:25,(anonymous_0)
FN:27,(anonymous_1)
FN:30,(anonymous_2)
FN:94,(anonymous_3)
FN:109,(anonymous_4)
FN:124,(anonymous_5)
FN:137,(anonymous_6)
FN:163,(anonymous_7)
FN:178,(anonymous_8)
FNF:9
FNH:1
FNDA:13,(anonymous_0)
FNDA:0,(anonymous_1)
FNDA:0,(anonymous_2)
FNDA:0,(anonymous_3)
FNDA:0,(anonymous_4)
FNDA:0,(anonymous_5)
FNDA:0,(anonymous_6)
FNDA:0,(anonymous_7)
FNDA:0,(anonymous_8)
DA:25,1
DA:26,13
DA:27,12
DA:28,0
DA:30,12
DA:31,0
DA:32,0
DA:33,0
DA:35,0
DA:36,0
DA:37,0
DA:38,0
DA:39,0
DA:42,0
DA:43,0
DA:47,12
DA:56,12
DA:95,0
DA:110,0
DA:125,0
DA:138,0
DA:164,0
DA:179,0
LF:23
LH:6
BRDA:32,0,0,0
BRDA:32,0,1,0
BRDA:69,1,0,0
BRDA:69,1,1,12
BRF:4
BRH:1
end_of_record
